<?xml version="1.0" encoding="UTF-8"?>
<testsuite name="booklibrary.MainTest" tests="3" skipped="0" failures="0" errors="0" timestamp="2024-01-19T03:40:02" hostname="DESKTOP-4QQB3SL" time="0.031">
  <properties/>
  <testcase name="addNewBookTest()" classname="booklibrary.MainTest" time="0.019"/>
  <testcase name="searchBookTest()" classname="booklibrary.MainTest" time="0.008"/>
  <testcase name="deleteBookTest()" classname="booklibrary.MainTest" time="0.002"/>
  <system-out><![CDATA[Enter book name:
Enter author name:
Enter ISBN:
Enter publication year:
Please enter the name of the book: Please enter ISBN of the book: 
]]></system-out>
  <system-err><![CDATA[]]></system-err>
</testsuite>
